<?xml version="1.0" encoding="UTF-8"?>
<!-- Generated by org.testng.reporters.JUnitXMLReporter -->
<testsuite hostname="PREETISH" name="Default test" tests="3" failures="0" timestamp="2 Dec 2016 09:14:50 GMT" time="52.027" errors="0">
  <testcase name="LoginTOApp" time="9.545" classname="frameWork.TestApplication"/>
  <testcase name="Product" time="16.364" classname="frameWork.TestApplication"/>
  <testcase name="Shipping" time="7.308" classname="frameWork.TestApplication"/>
</testsuite> <!-- Default test -->
