<?xml version="1.0" encoding="UTF-8"?>
<!-- Generated by org.testng.reporters.JUnitXMLReporter -->
<testsuite hostname="PREETISH" name="Test" tests="3" failures="0" timestamp="2 Sep 2016 07:12:31 GMT" time="69.796" errors="0">
  <testcase name="LoginTOApp" time="10.85" classname="frameWork.TestApplication"/>
  <testcase name="Product" time="24.327" classname="frameWork.TestApplication"/>
  <testcase name="Shipping" time="15.303" classname="frameWork.TestApplication"/>
</testsuite> <!-- Test -->
